<?xml version="1.0" encoding="UTF-8"?>
<testsuite name="SelectionSortTest" tests="4" skipped="0" failures="0" errors="0" timestamp="2023-05-29T16:30:14" hostname="LUIZINHO-PC" time="0.016">
  <properties/>
  <testcase name="sort should return same array for single-element array()" classname="SelectionSortTest" time="0.013"/>
  <testcase name="sort should return sorted array for array with duplicate elements()" classname="SelectionSortTest" time="0.001"/>
  <testcase name="sort should return sorted array for normal case()" classname="SelectionSortTest" time="0.0"/>
  <testcase name="sort should return empty array for empty array()" classname="SelectionSortTest" time="0.0"/>
  <system-out><![CDATA[]]></system-out>
  <system-err><![CDATA[]]></system-err>
</testsuite>
