<?xml version="1.0" encoding="UTF-8"?>
<testsuite name="MergeSortTest" tests="5" skipped="0" failures="0" errors="0" timestamp="2023-05-26T19:06:29" hostname="LUIZINHO-PC" time="0.027">
  <properties/>
  <testcase name="testEmptyArray()" classname="MergeSortTest" time="0.015"/>
  <testcase name="testReverseSortedArray()" classname="MergeSortTest" time="0.01"/>
  <testcase name="testArrayWithNegativeIntegers()" classname="MergeSortTest" time="0.0"/>
  <testcase name="testSortedArray()" classname="MergeSortTest" time="0.0"/>
  <testcase name="testSingleElementArray()" classname="MergeSortTest" time="0.001"/>
  <system-out><![CDATA[]]></system-out>
  <system-err><![CDATA[]]></system-err>
</testsuite>
