<?xml version="1.0" encoding="UTF-8"?>
<testsuite name="BubbleSortTest" tests="1" skipped="0" failures="0" errors="0" timestamp="2023-05-26T17:18:02" hostname="LUIZINHO-PC" time="0.019">
  <properties/>
  <testcase name="Given an array with a single element, when bubbleSort is called, then it should return the same array()" classname="BubbleSortTest" time="0.019"/>
  <system-out><![CDATA[]]></system-out>
  <system-err><![CDATA[]]></system-err>
</testsuite>
