<?xml version="1.0" encoding="UTF-8"?>
<testsuite name="BubbleSortTest" tests="3" skipped="0" failures="0" errors="0" timestamp="2023-05-29T14:27:42" hostname="LUIZINHO-PC" time="0.015">
  <properties/>
  <testcase name="Given an empty array, when bubbleSort is called, then it should return an empty array()" classname="BubbleSortTest" time="0.013"/>
  <testcase name="Given an array with a single element, when bubbleSort is called, then it should return the same array()" classname="BubbleSortTest" time="0.0"/>
  <testcase name="Given an unsorted array, when bubbleSort is called, then it should return a sorted array()" classname="BubbleSortTest" time="0.0"/>
  <system-out><![CDATA[]]></system-out>
  <system-err><![CDATA[]]></system-err>
</testsuite>
